<?xml version="1.0" encoding="UTF-8"?>
<coverage generated="1654738943538" clover="3.2.0">
  <project timestamp="1654738943538" name="All files">
    <metrics statements="30" coveredstatements="21" conditionals="14" coveredconditionals="10" methods="10" coveredmethods="8" elements="54" coveredelements="39" complexity="0" loc="30" ncloc="30" packages="1" files="1" classes="1"/>
    <file name="BankAccount.ts" path="E:\Backup2\Nycolas\Aulas\orientacao_objeto\fundametos_com_typescript\src\models\BankAccount.ts">
      <metrics statements="30" coveredstatements="21" conditionals="14" coveredconditionals="10" methods="10" coveredmethods="8"/>
      <line num="1" count="1" type="stmt"/>
      <line num="7" count="5" type="stmt"/>
      <line num="8" count="5" type="cond" truecount="2" falsecount="0"/>
      <line num="9" count="5" type="cond" truecount="2" falsecount="0"/>
      <line num="13" count="2" type="stmt"/>
      <line num="17" count="0" type="cond" truecount="0" falsecount="2"/>
      <line num="18" count="0" type="stmt"/>
      <line num="20" count="0" type="stmt"/>
      <line num="25" count="2" type="stmt"/>
      <line num="29" count="0" type="stmt"/>
      <line num="30" count="0" type="cond" truecount="0" falsecount="2"/>
      <line num="31" count="0" type="stmt"/>
      <line num="33" count="0" type="stmt"/>
      <line num="38" count="3" type="stmt"/>
      <line num="42" count="4" type="cond" truecount="1" falsecount="0"/>
      <line num="43" count="4" type="stmt"/>
      <line num="44" count="4" type="stmt"/>
      <line num="47" count="0" type="stmt"/>
      <line num="51" count="1" type="cond" truecount="3" falsecount="0"/>
      <line num="52" count="1" type="stmt"/>
      <line num="53" count="1" type="stmt"/>
      <line num="56" count="0" type="stmt"/>
      <line num="60" count="5" type="stmt"/>
      <line num="61" count="5" type="cond" truecount="1" falsecount="0"/>
      <line num="62" count="1" type="stmt"/>
      <line num="65" count="4" type="stmt"/>
      <line num="69" count="5" type="stmt"/>
      <line num="70" count="5" type="cond" truecount="1" falsecount="0"/>
      <line num="71" count="1" type="stmt"/>
      <line num="74" count="4" type="stmt"/>
    </file>
  </project>
</coverage>
