TN:
SF:src\models\BankAccount.ts
FN:6,(anonymous_0)
FN:12,(anonymous_1)
FN:16,(anonymous_2)
FN:24,(anonymous_3)
FN:28,(anonymous_4)
FN:37,(anonymous_5)
FN:41,(anonymous_6)
FN:50,(anonymous_7)
FN:59,(anonymous_8)
FN:68,(anonymous_9)
FNF:10
FNH:8
FNDA:5,(anonymous_0)
FNDA:2,(anonymous_1)
FNDA:0,(anonymous_2)
FNDA:2,(anonymous_3)
FNDA:0,(anonymous_4)
FNDA:3,(anonymous_5)
FNDA:4,(anonymous_6)
FNDA:1,(anonymous_7)
FNDA:5,(anonymous_8)
FNDA:5,(anonymous_9)
DA:1,1
DA:7,5
DA:8,5
DA:9,5
DA:13,2
DA:17,0
DA:18,0
DA:20,0
DA:25,2
DA:29,0
DA:30,0
DA:31,0
DA:33,0
DA:38,3
DA:42,4
DA:43,4
DA:44,4
DA:47,0
DA:51,1
DA:52,1
DA:53,1
DA:56,0
DA:60,5
DA:61,5
DA:62,1
DA:65,4
DA:69,5
DA:70,5
DA:71,1
DA:74,4
LF:30
LH:21
BRDA:8,0,0,1
BRDA:8,0,1,4
BRDA:9,1,0,1
BRDA:9,1,1,4
BRDA:17,2,0,0
BRDA:17,2,1,0
BRDA:30,3,0,0
BRDA:30,3,1,0
BRDA:42,4,0,4
BRDA:51,5,0,1
BRDA:51,6,0,1
BRDA:51,6,1,1
BRDA:61,7,0,1
BRDA:70,8,0,1
BRF:14
BRH:10
end_of_record
